Determining if the pthread_create exist failed with the following output:
Change Dir: /home/uu007007007/kmu_ms/build/CMakeFiles/CMakeTmp

Run Build Command:"/usr/bin/make" "cmTC_bf8df/fast"
/usr/bin/make -f CMakeFiles/cmTC_bf8df.dir/build.make CMakeFiles/cmTC_bf8df.dir/build
make[1]: Entering directory '/home/uu007007007/kmu_ms/build/CMakeFiles/CMakeTmp'
Building C object CMakeFiles/cmTC_bf8df.dir/CheckSymbolExists.c.o
/usr/bin/cc    -o CMakeFiles/cmTC_bf8df.dir/CheckSymbolExists.c.o   -c /home/uu007007007/kmu_ms/build/CMakeFiles/CMakeTmp/CheckSymbolExists.c
Linking C executable cmTC_bf8df
/usr/bin/cmake -E cmake_link_script CMakeFiles/cmTC_bf8df.dir/link.txt --verbose=1
/usr/bin/cc      -rdynamic CMakeFiles/cmTC_bf8df.dir/CheckSymbolExists.c.o  -o cmTC_bf8df 
CMakeFiles/cmTC_bf8df.dir/CheckSymbolExists.c.o: In function `main':
CheckSymbolExists.c:(.text+0x1b): undefined reference to `pthread_create'
collect2: error: ld returned 1 exit status
CMakeFiles/cmTC_bf8df.dir/build.make:97: recipe for target 'cmTC_bf8df' failed
make[1]: *** [cmTC_bf8df] Error 1
make[1]: Leaving directory '/home/uu007007007/kmu_ms/build/CMakeFiles/CMakeTmp'
Makefile:126: recipe for target 'cmTC_bf8df/fast' failed
make: *** [cmTC_bf8df/fast] Error 2

File /home/uu007007007/kmu_ms/build/CMakeFiles/CMakeTmp/CheckSymbolExists.c:
/* */
#include <pthread.h>

int main(int argc, char** argv)
{
  (void)argv;
#ifndef pthread_create
  return ((int*)(&pthread_create))[argc];
#else
  (void)argc;
  return 0;
#endif
}

Determining if the function pthread_create exists in the pthreads failed with the following output:
Change Dir: /home/uu007007007/kmu_ms/build/CMakeFiles/CMakeTmp

Run Build Command:"/usr/bin/make" "cmTC_6c2b4/fast"
/usr/bin/make -f CMakeFiles/cmTC_6c2b4.dir/build.make CMakeFiles/cmTC_6c2b4.dir/build
make[1]: Entering directory '/home/uu007007007/kmu_ms/build/CMakeFiles/CMakeTmp'
Building C object CMakeFiles/cmTC_6c2b4.dir/CheckFunctionExists.c.o
/usr/bin/cc   -DCHECK_FUNCTION_EXISTS=pthread_create   -o CMakeFiles/cmTC_6c2b4.dir/CheckFunctionExists.c.o   -c /usr/share/cmake-3.10/Modules/CheckFunctionExists.c
Linking C executable cmTC_6c2b4
/usr/bin/cmake -E cmake_link_script CMakeFiles/cmTC_6c2b4.dir/link.txt --verbose=1
/usr/bin/cc  -DCHECK_FUNCTION_EXISTS=pthread_create    -rdynamic CMakeFiles/cmTC_6c2b4.dir/CheckFunctionExists.c.o  -o cmTC_6c2b4 -lpthreads 
/usr/bin/ld: cannot find -lpthreads
collect2: error: ld returned 1 exit status
CMakeFiles/cmTC_6c2b4.dir/build.make:97: recipe for target 'cmTC_6c2b4' failed
make[1]: *** [cmTC_6c2b4] Error 1
make[1]: Leaving directory '/home/uu007007007/kmu_ms/build/CMakeFiles/CMakeTmp'
Makefile:126: recipe for target 'cmTC_6c2b4/fast' failed
make: *** [cmTC_6c2b4/fast] Error 2


